205 - 01:46:45 -  | object(stdClass)#4 (2) {
  ["code"]=>
  string(3) "100"
  ["message"]=>
  string(8) "Approved"
}
983 - 01:46:45 -  | object(stdClass)#4 (2) {
  ["code"]=>
  string(3) "100"
  ["message"]=>
  string(8) "Approved"
}
403 - 01:47:01 -  | object(stdClass)#4 (2) {
  ["code"]=>
  string(3) "100"
  ["message"]=>
  string(8) "Approved"
}
236 - 01:47:01 -  | object(stdClass)#4 (2) {
  ["code"]=>
  string(3) "100"
  ["message"]=>
  string(8) "Approved"
}
777 - 02:00:28 -  | object(stdClass)#4 (2) {
  ["code"]=>
  string(3) "100"
  ["message"]=>
  string(8) "Approved"
}
909 - 02:00:28 -  | object(stdClass)#4 (2) {
  ["code"]=>
  string(3) "100"
  ["message"]=>
  string(8) "Approved"
}
160 - 04:10:04 -  | object(stdClass)#5 (2) {
  ["code"]=>
  string(3) "100"
  ["message"]=>
  string(8) "Approved"
}
887 - 04:10:04 -  | object(stdClass)#5 (2) {
  ["code"]=>
  string(3) "100"
  ["message"]=>
  string(8) "Approved"
}
383 - 04:10:28 -  | object(stdClass)#4 (2) {
  ["code"]=>
  string(3) "100"
  ["message"]=>
  string(8) "Approved"
}
528 - 04:10:28 -  | object(stdClass)#4 (2) {
  ["code"]=>
  string(3) "100"
  ["message"]=>
  string(8) "Approved"
}
953 - 04:12:54 -  | object(stdClass)#5 (2) {
  ["code"]=>
  string(3) "100"
  ["message"]=>
  string(8) "Approved"
}
116 - 04:12:54 -  | object(stdClass)#5 (2) {
  ["code"]=>
  string(3) "100"
  ["message"]=>
  string(8) "Approved"
}
486 - 04:13:24 -  | object(stdClass)#5 (2) {
  ["code"]=>
  string(3) "100"
  ["message"]=>
  string(8) "Approved"
}
23 - 04:13:24 -  | object(stdClass)#5 (2) {
  ["code"]=>
  string(3) "100"
  ["message"]=>
  string(8) "Approved"
}
52 - 04:13:40 -  | object(stdClass)#4 (2) {
  ["code"]=>
  string(3) "100"
  ["message"]=>
  string(8) "Approved"
}
966 - 04:13:40 -  | object(stdClass)#4 (2) {
  ["code"]=>
  string(3) "100"
  ["message"]=>
  string(8) "Approved"
}
